[2024-12-31 14:11:51] [36m[info][0m init_db.go:28 BlogServer/core.InitDB mysqlæ•°æ®åº“è¿æ¥æˆåŠŸ!
[2024-12-31 14:11:51] [36m[info][0m init_redis.go:21 BlogServer/core.InitRedis redisè¿æ¥æˆåŠŸ
[2024-12-31 15:59:54] [36m[info][0m init_db.go:28 BlogServer/core.InitDB mysqlæ•°æ®åº“è¿æ¥æˆåŠŸ!
[2024-12-31 15:59:54] [36m[info][0m init_redis.go:21 BlogServer/core.InitRedis redisè¿æ¥æˆåŠŸ
[2024-12-31 15:59:54] [36m[info][0m flag_db.go:34 BlogServer/flags.flagDB æ•°æ®åº“è¿ç§»æˆåŠŸï¼
[2024-12-31 16:00:07] [36m[info][0m init_db.go:28 BlogServer/core.InitDB mysqlæ•°æ®åº“è¿æ¥æˆåŠŸ!
[2024-12-31 16:00:07] [36m[info][0m init_redis.go:21 BlogServer/core.InitRedis redisè¿æ¥æˆåŠŸ
[2024-12-31 16:00:30] [36m[info][0m init_db.go:28 BlogServer/core.InitDB mysqlæ•°æ®åº“è¿æ¥æˆåŠŸ!
[2024-12-31 16:00:30] [36m[info][0m init_redis.go:21 BlogServer/core.InitRedis redisè¿æ¥æˆåŠŸ
[2024-12-31 16:01:34] [36m[info][0m image_upload.go:50 BlogServer/api/image_api.ImageApi.ImageUploadView ä¸Šä¼ å›¾ç‰‡é‡å¤ 001573-5817.jpg 41810d6c722454ef3896a757561aaa11
[2024-12-31 16:18:00] [36m[info][0m init_db.go:28 BlogServer/core.InitDB mysqlæ•°æ®åº“è¿æ¥æˆåŠŸ!
[2024-12-31 16:18:00] [36m[info][0m init_redis.go:21 BlogServer/core.InitRedis redisè¿æ¥æˆåŠŸ
[2024-12-31 16:18:08] [36m[info][0m init_db.go:28 BlogServer/core.InitDB mysqlæ•°æ®åº“è¿æ¥æˆåŠŸ!
[2024-12-31 16:18:08] [36m[info][0m init_redis.go:21 BlogServer/core.InitRedis redisè¿æ¥æˆåŠŸ
[2024-12-31 16:25:26] [36m[info][0m init_db.go:28 BlogServer/core.InitDB mysqlæ•°æ®åº“è¿æ¥æˆåŠŸ!
[2024-12-31 16:25:26] [36m[info][0m init_redis.go:21 BlogServer/core.InitRedis redisè¿æ¥æˆåŠŸ
[2024-12-31 16:52:26] [36m[info][0m init_db.go:28 BlogServer/core.InitDB mysqlæ•°æ®åº“è¿æ¥æˆåŠŸ!
[2024-12-31 16:52:26] [36m[info][0m init_redis.go:21 BlogServer/core.InitRedis redisè¿æ¥æˆåŠŸ
[2024-12-31 17:00:49] [36m[info][0m image_upload.go:50 BlogServer/api/image_api.ImageApi.ImageUploadView ä¸Šä¼ å›¾ç‰‡é‡å¤ 2331131388 è‘£éŸ¬.jpg <==> 2331131388 è‘£éŸ¬.jpg 49edb1aaba44ba93fe01f5a3d50765ee
[2024-12-31 17:12:53] [36m[info][0m init_db.go:28 BlogServer/core.InitDB mysqlæ•°æ®åº“è¿æ¥æˆåŠŸ!
[2024-12-31 17:12:53] [36m[info][0m init_redis.go:21 BlogServer/core.InitRedis redisè¿æ¥æˆåŠŸ
[2024-12-31 17:18:13] [36m[info][0m init_db.go:28 BlogServer/core.InitDB mysqlæ•°æ®åº“è¿æ¥æˆåŠŸ!
[2024-12-31 17:18:13] [36m[info][0m init_redis.go:21 BlogServer/core.InitRedis redisè¿æ¥æˆåŠŸ
[2024-12-31 17:21:14] [36m[info][0m init_db.go:28 BlogServer/core.InitDB mysqlæ•°æ®åº“è¿æ¥æˆåŠŸ!
[2024-12-31 17:21:14] [36m[info][0m init_redis.go:21 BlogServer/core.InitRedis redisè¿æ¥æˆåŠŸ
[2024-12-31 17:21:37] [31m[error][0m image_model.go:27 BlogServer/models.ImageModel.BeforeDelete åˆ é™¤æ–‡ä»¶å¤±è´¥ remove uploads/images01/7fd41aa0d82d1092632bf0151154e0c5.jpg: The system cannot find the file specified.
[2024-12-31 17:22:47] [36m[info][0m init_db.go:28 BlogServer/core.InitDB mysqlæ•°æ®åº“è¿æ¥æˆåŠŸ!
[2024-12-31 17:22:47] [36m[info][0m init_redis.go:21 BlogServer/core.InitRedis redisè¿æ¥æˆåŠŸ
[2024-12-31 17:22:57] [33m[warning][0m image_model.go:27 BlogServer/models.ImageModel.BeforeDelete åˆ é™¤æ–‡ä»¶å¤±è´¥ remove uploads/images01/7fd41aa0d82d1092632bf0151154e0c5.jpg: The system cannot find the file specified.
